<?xml version="1.0" encoding="UTF-8"?>
<!-- Generated by org.testng.reporters.JUnitReportReporter -->
<testsuite name="testcases.VerifyHomePage" tests="1" time="12.450" ignored="0" failures="0" timestamp="03 May 2017 18:02:07 GMT" skipped="0" hostname="Anil-PC" errors="0">
  <testcase name="testHomePage" time="12.450" classname="testcases.VerifyHomePage"/>
</testsuite> <!-- testcases.VerifyHomePage -->
