<?xml version="1.0" encoding="UTF-8"?>
<!-- Generated by org.testng.reporters.JUnitReportReporter -->
<testsuite name="testcases.VerifyCxpHomePage" tests="1" time="15.524" ignored="0" failures="0" timestamp="05 May 2017 06:59:21 GMT" skipped="0" hostname="LSI122" errors="0">
  <testcase name="TestCxpLoginPage" time="15.524" classname="testcases.VerifyCxpHomePage"/>
</testsuite> <!-- testcases.VerifyCxpHomePage -->
