<?xml version="1.0" encoding="UTF-8"?>
<!-- Generated by org.testng.reporters.JUnitReportReporter -->
<testsuite name="testcases.VerifyCxpHomePage" tests="1" time="14.446" ignored="0" failures="0" timestamp="04 May 2017 07:33:47 GMT" skipped="0" hostname="LSI122" errors="0">
  <testcase name="TestCxpLoginPage" time="14.446" classname="testcases.VerifyCxpHomePage"/>
</testsuite> <!-- testcases.VerifyCxpHomePage -->
