<?xml version="1.0" encoding="UTF-8"?>
<!-- Generated by org.testng.reporters.JUnitReportReporter -->
<testsuite name="testcases.VerifyCxpLoginPage" tests="1" time="39.236" ignored="0" failures="0" timestamp="04 May 2017 06:41:22 GMT" skipped="0" hostname="LSI122" errors="0">
  <testcase name="TestCxpLoginPage" time="39.236" classname="testcases.VerifyCxpLoginPage"/>
</testsuite> <!-- testcases.VerifyCxpLoginPage -->
